<?xml version="1.0" encoding="UTF-8"?>
<testng-results skipped="0" failed="0" ignored="0" total="3" passed="3">
  <reporter-output>
  </reporter-output>
  <suite name="Default suite" duration-ms="16838" started-at="2021-11-11T17:39:16Z" finished-at="2021-11-11T17:39:33Z">
    <groups>
      <group name="cucumber">
        <method signature="AbstractTestNGCucumberTests.runScenario(io.cucumber.testng.PickleWrapper, io.cucumber.testng.FeatureWrapper)[pri:0, instance:guru.springframework.BootWebRunnerTest@7920ba90]" name="runScenario" class="io.cucumber.testng.AbstractTestNGCucumberTests"/>
      </group> <!-- cucumber -->
    </groups>
    <test name="Default test" duration-ms="16838" started-at="2021-11-11T17:39:16Z" finished-at="2021-11-11T17:39:33Z">
      <class name="guru.springframework.BootWebRunnerTest">
        <test-method status="PASS" signature="setUpClass(org.testng.ITestContext)[pri:0, instance:guru.springframework.BootWebRunnerTest@7920ba90]" name="setUpClass" is-config="true" duration-ms="479" started-at="2021-11-11T17:39:16Z" finished-at="2021-11-11T17:39:16Z">
          <params>
            <param index="0">
              <value>
                <![CDATA[org.testng.TestRunner@a50ae65]]>
              </value>
            </param>
          </params>
          <reporter-output>
          </reporter-output>
        </test-method> <!-- setUpClass -->
        <test-method status="PASS" signature="runScenario(io.cucumber.testng.PickleWrapper, io.cucumber.testng.FeatureWrapper)[pri:0, instance:guru.springframework.BootWebRunnerTest@7920ba90]" name="runScenario" duration-ms="7949" started-at="2021-11-11T17:39:16Z" description="Runs Cucumber Scenarios" data-provider="scenarios" finished-at="2021-11-11T17:39:24Z">
          <params>
            <param index="0">
              <value>
                <![CDATA["Get first product page and copy link"]]>
              </value>
            </param>
            <param index="1">
              <value>
                <![CDATA["Optional[View images]"]]>
              </value>
            </param>
          </params>
          <reporter-output>
          </reporter-output>
        </test-method> <!-- runScenario -->
        <test-method status="PASS" signature="runScenario(io.cucumber.testng.PickleWrapper, io.cucumber.testng.FeatureWrapper)[pri:0, instance:guru.springframework.BootWebRunnerTest@7920ba90]" name="runScenario" duration-ms="4085" started-at="2021-11-11T17:39:24Z" description="Runs Cucumber Scenarios" data-provider="scenarios" finished-at="2021-11-11T17:39:28Z">
          <params>
            <param index="0">
              <value>
                <![CDATA["Get second product page and copy link"]]>
              </value>
            </param>
            <param index="1">
              <value>
                <![CDATA["Optional[View images]"]]>
              </value>
            </param>
          </params>
          <reporter-output>
          </reporter-output>
        </test-method> <!-- runScenario -->
        <test-method status="PASS" signature="runScenario(io.cucumber.testng.PickleWrapper, io.cucumber.testng.FeatureWrapper)[pri:0, instance:guru.springframework.BootWebRunnerTest@7920ba90]" name="runScenario" duration-ms="4256" started-at="2021-11-11T17:39:28Z" description="Runs Cucumber Scenarios" data-provider="scenarios" finished-at="2021-11-11T17:39:33Z">
          <params>
            <param index="0">
              <value>
                <![CDATA["Create product"]]>
              </value>
            </param>
            <param index="1">
              <value>
                <![CDATA["Optional[Create Product]"]]>
              </value>
            </param>
          </params>
          <reporter-output>
          </reporter-output>
        </test-method> <!-- runScenario -->
        <test-method status="PASS" signature="tearDownClass()[pri:0, instance:guru.springframework.BootWebRunnerTest@7920ba90]" name="tearDownClass" is-config="true" duration-ms="23" started-at="2021-11-11T17:39:33Z" finished-at="2021-11-11T17:39:33Z">
          <reporter-output>
          </reporter-output>
        </test-method> <!-- tearDownClass -->
      </class> <!-- guru.springframework.BootWebRunnerTest -->
    </test> <!-- Default test -->
  </suite> <!-- Default suite -->
</testng-results>
